================================================================================
Docker Build Test Report - SIMULATION
================================================================================
Date: 2026-02-26 13:49:12
Mode: Simulation (Docker daemon not available)
================================================================================

SUMMARY
--------------------------------------------------------------------------------
Expected Successes: 13/20 (65.0%)
Expected Failures: 7/20 (35.0%)

================================================================================
DETAILED RESULTS
================================================================================

Iteration 1: Simple - FROM + CMD
--------------------------------------------------------------------------------
Lines: 3
Status: SUCCESS
Simulated Build Time: 0.25s
Simulated Image ID: sha256:7937419883

Iteration 2: Simple + WORKDIR
--------------------------------------------------------------------------------
Lines: 4
Status: SUCCESS
Simulated Build Time: 0.30000000000000004s
Simulated Image ID: sha256:6496032864

Iteration 3: Simple + COPY
--------------------------------------------------------------------------------
Lines: 5
Status: FAILED
Expected Error: COPY failed: no such file or directory

Iteration 4: Simple + ENV
--------------------------------------------------------------------------------
Lines: 6
Status: SUCCESS
Simulated Build Time: 0.4s
Simulated Image ID: sha256:6655001986

Iteration 5: Medium - Single RUN
--------------------------------------------------------------------------------
Lines: 6
Status: SUCCESS
Simulated Build Time: 0.45s
Simulated Image ID: sha256:9672156845

Iteration 6: Medium - Multi-line RUN
--------------------------------------------------------------------------------
Lines: 8
Status: SUCCESS
Simulated Build Time: 0.5s
Simulated Image ID: sha256:8039183410

Iteration 7: Medium - EXPOSE + Volume
--------------------------------------------------------------------------------
Lines: 8
Status: SUCCESS
Simulated Build Time: 0.55s
Simulated Image ID: sha256:1924569316

Iteration 8: Large - Dependencies
--------------------------------------------------------------------------------
Lines: 15
Status: FAILED
Expected Error: COPY failed: requirements.txt: no such file

Iteration 9: Large - Multi-stage
--------------------------------------------------------------------------------
Lines: 12
Status: SUCCESS
Simulated Build Time: 0.65s
Simulated Image ID: sha256:9105449326

Iteration 10: Extra - Config + Health
--------------------------------------------------------------------------------
Lines: 29
Status: FAILED
Expected Error: COPY failed: no such file or directory

Iteration 11: Database - Redis
--------------------------------------------------------------------------------
Lines: 8
Status: SUCCESS
Simulated Build Time: 0.8s
Simulated Image ID: sha256:1190354009

Iteration 12: Database - PostgreSQL
--------------------------------------------------------------------------------
Lines: 11
Status: SUCCESS
Simulated Build Time: 1.1s
Simulated Image ID: sha256:3557112858

Iteration 13: Database - MySQL
--------------------------------------------------------------------------------
Lines: 12
Status: SUCCESS
Simulated Build Time: 1.4s
Simulated Image ID: sha256:8965100293

Iteration 14: Database - Cassandra Cluster
--------------------------------------------------------------------------------
Lines: 22
Status: SUCCESS
Simulated Build Time: 1.7s
Simulated Image ID: sha256:7028044655

Iteration 15: Database - MongoDB
--------------------------------------------------------------------------------
Lines: 14
Status: FAILED
Expected Error: COPY failed: docker-entrypoint-initdb.d/ no such file

Iteration 16: Messaging - Kafka
--------------------------------------------------------------------------------
Lines: 29
Status: SUCCESS
Simulated Build Time: 1.5s
Simulated Image ID: sha256:7359340468

Iteration 17: Database - Elasticsearch
--------------------------------------------------------------------------------
Lines: 26
Status: SUCCESS
Simulated Build Time: 2.0s
Simulated Image ID: sha256:4548367671

Iteration 18: Monitoring - Prometheus
--------------------------------------------------------------------------------
Lines: 16
Status: FAILED
Expected Error: COPY failed: prometheus.rules: no such file

Iteration 19: Complex - Multi-Service
--------------------------------------------------------------------------------
Lines: 23
Status: FAILED
Expected Error: COPY failed: frontend/, backend/, database/ missing

Iteration 20: Microservices - 5-Service Stack
--------------------------------------------------------------------------------
Lines: 48
Status: FAILED
Expected Error: COPY failed: Some files missing (config, scripts, etc.)
