================================================================================
Docker Build Test Report - SIMULATION
================================================================================
Date: 2026-02-26 13:37:45
Mode: Simulation (Docker daemon not available)
================================================================================

SUMMARY
--------------------------------------------------------------------------------
Expected Successes: 7/10 (70.0%)
Expected Failures: 3/10 (30.0%)

================================================================================
DETAILED RESULTS
================================================================================

Iteration 1: Simple - FROM + CMD
--------------------------------------------------------------------------------
Lines: 3
Status: SUCCESS
Simulated Build Time: 0.25s
Simulated Image ID: sha256:5212409461

Iteration 2: Simple + WORKDIR
--------------------------------------------------------------------------------
Lines: 4
Status: SUCCESS
Simulated Build Time: 0.30000000000000004s
Simulated Image ID: sha256:3936338996

Iteration 3: Simple + COPY
--------------------------------------------------------------------------------
Lines: 5
Status: FAILED
Expected Error: COPY failed: no such file or directory

Iteration 4: Simple + ENV
--------------------------------------------------------------------------------
Lines: 6
Status: SUCCESS
Simulated Build Time: 0.4s
Simulated Image ID: sha256:9130114465

Iteration 5: Medium - Single RUN
--------------------------------------------------------------------------------
Lines: 6
Status: SUCCESS
Simulated Build Time: 0.45s
Simulated Image ID: sha256:5415032048

Iteration 6: Medium - Multi-line RUN
--------------------------------------------------------------------------------
Lines: 8
Status: SUCCESS
Simulated Build Time: 0.5s
Simulated Image ID: sha256:1600577149

Iteration 7: Medium - EXPOSE + Volume
--------------------------------------------------------------------------------
Lines: 8
Status: SUCCESS
Simulated Build Time: 0.55s
Simulated Image ID: sha256:2388197674

Iteration 8: Large - Dependencies
--------------------------------------------------------------------------------
Lines: 15
Status: FAILED
Expected Error: COPY failed: requirements.txt: no such file

Iteration 9: Large - Multi-stage
--------------------------------------------------------------------------------
Lines: 12
Status: SUCCESS
Simulated Build Time: 0.65s
Simulated Image ID: sha256:4897597768

Iteration 10: Extra - Config + Health
--------------------------------------------------------------------------------
Lines: 29
Status: FAILED
Expected Error: COPY failed: no such file or directory
